{"/home/diogo/Documents/sports_app/sports_app/src/App.js": {"path":"/home/diogo/Documents/sports_app/sports_app/src/App.js","statementMap":{"0":{"start":{"line":1,"column":13},"end":{"line":1,"column":75}},"1":{"start":{"line":1,"column":94},"end":{"line":1,"column":150}},"2":{"start":{"line":1,"column":164},"end":{"line":1,"column":180}},"3":{"start":{"line":1,"column":195},"end":{"line":1,"column":225}},"4":{"start":{"line":2,"column":22},"end":{"line":2,"column":48}},"5":{"start":{"line":3,"column":19},"end":{"line":3,"column":54}},"6":{"start":{"line":3,"column":75},"end":{"line":3,"column":111}},"7":{"start":{"line":4,"column":19},"end":{"line":4,"column":54}},"8":{"start":{"line":4,"column":75},"end":{"line":4,"column":111}},"9":{"start":{"line":5,"column":24},"end":{"line":5,"column":64}},"10":{"start":{"line":5,"column":90},"end":{"line":5,"column":131}},"11":{"start":{"line":6,"column":19},"end":{"line":6,"column":54}},"12":{"start":{"line":6,"column":75},"end":{"line":6,"column":111}},"13":{"start":{"line":7,"column":14},"end":{"line":7,"column":44}},"14":{"start":{"line":7,"column":60},"end":{"line":7,"column":91}},"15":{"start":{"line":7,"column":130},"end":{"line":7,"column":184}},"16":{"start":{"line":11,"column":8},"end":{"line":29,"column":148}},"17":{"start":{"line":33,"column":6},"end":{"line":36,"column":4}}},"fnMap":{"0":{"name":"_interopRequireDefault","decl":{"start":{"line":7,"column":101},"end":{"line":7,"column":123}},"loc":{"start":{"line":7,"column":129},"end":{"line":7,"column":185}},"line":7},"1":{"name":"(anonymous_1)","decl":{"start":{"line":10,"column":4},"end":{"line":10,"column":5}},"loc":{"start":{"line":10,"column":13},"end":{"line":33,"column":5}},"line":10}},"branchMap":{"0":{"loc":{"start":{"line":7,"column":137},"end":{"line":7,"column":183}},"type":"cond-expr","locations":[{"start":{"line":7,"column":161},"end":{"line":7,"column":164}},{"start":{"line":7,"column":167},"end":{"line":7,"column":183}}],"line":7},"1":{"loc":{"start":{"line":7,"column":137},"end":{"line":7,"column":158}},"type":"binary-expr","locations":[{"start":{"line":7,"column":137},"end":{"line":7,"column":140}},{"start":{"line":7,"column":144},"end":{"line":7,"column":158}}],"line":7}},"s":{"0":0,"1":0,"2":0,"3":0,"4":0,"5":0,"6":0,"7":0,"8":0,"9":0,"10":0,"11":0,"12":0,"13":0,"14":0,"15":0,"16":0,"17":0},"f":{"0":0,"1":0},"b":{"0":[0,0],"1":[0,0]}}
,"/home/diogo/Documents/sports_app/sports_app/src/index.js": {"path":"/home/diogo/Documents/sports_app/sports_app/src/index.js","statementMap":{"0":{"start":{"line":1,"column":32},"end":{"line":1,"column":90}},"1":{"start":{"line":1,"column":104},"end":{"line":1,"column":120}},"2":{"start":{"line":1,"column":135},"end":{"line":1,"column":165}},"3":{"start":{"line":2,"column":18},"end":{"line":2,"column":40}},"4":{"start":{"line":3,"column":16},"end":{"line":3,"column":36}},"5":{"start":{"line":4,"column":22},"end":{"line":4,"column":55}},"6":{"start":{"line":4,"column":79},"end":{"line":4,"column":118}},"7":{"start":{"line":5,"column":11},"end":{"line":5,"column":27}},"8":{"start":{"line":5,"column":40},"end":{"line":5,"column":68}},"9":{"start":{"line":6,"column":0},"end":{"line":6,"column":22}},"10":{"start":{"line":6,"column":60},"end":{"line":6,"column":114}},"11":{"start":{"line":8,"column":14},"end":{"line":8,"column":45}},"12":{"start":{"line":10,"column":0},"end":{"line":14,"column":33}}},"fnMap":{"0":{"name":"_interopRequireDefault","decl":{"start":{"line":6,"column":31},"end":{"line":6,"column":53}},"loc":{"start":{"line":6,"column":59},"end":{"line":6,"column":115}},"line":6}},"branchMap":{"0":{"loc":{"start":{"line":6,"column":67},"end":{"line":6,"column":113}},"type":"cond-expr","locations":[{"start":{"line":6,"column":91},"end":{"line":6,"column":94}},{"start":{"line":6,"column":97},"end":{"line":6,"column":113}}],"line":6},"1":{"loc":{"start":{"line":6,"column":67},"end":{"line":6,"column":88}},"type":"binary-expr","locations":[{"start":{"line":6,"column":67},"end":{"line":6,"column":70}},{"start":{"line":6,"column":74},"end":{"line":6,"column":88}}],"line":6}},"s":{"0":0,"1":0,"2":0,"3":0,"4":0,"5":0,"6":0,"7":0,"8":0,"9":0,"10":0,"11":0,"12":0},"f":{"0":0},"b":{"0":[0,0],"1":[0,0]}}
,"/home/diogo/Documents/sports_app/sports_app/src/registerServiceWorker.js": {"path":"/home/diogo/Documents/sports_app/sports_app/src/registerServiceWorker.js","statementMap":{"0":{"start":{"line":1,"column":13},"end":{"line":1,"column":75}},"1":{"start":{"line":1,"column":75},"end":{"line":21,"column":9}},"2":{"start":{"line":21,"column":9},"end":{"line":102,"column":24}},"3":{"start":{"line":109,"column":20},"end":{"line":111,"column":89}},"4":{"start":{"line":111,"column":111},"end":{"line":117,"column":36}},"5":{"start":{"line":112,"column":22},"end":{"line":112,"column":70}},"6":{"start":{"line":112,"column":71},"end":{"line":115,"column":14}},"7":{"start":{"line":115,"column":6},"end":{"line":115,"column":13}},"8":{"start":{"line":115,"column":14},"end":{"line":117,"column":35}},"9":{"start":{"line":115,"column":67},"end":{"line":115,"column":112}},"10":{"start":{"line":115,"column":113},"end":{"line":117,"column":32}},"11":{"start":{"line":116,"column":8},"end":{"line":116,"column":39}},"12":{"start":{"line":117,"column":8},"end":{"line":117,"column":31}},"13":{"start":{"line":117,"column":70},"end":{"line":124,"column":156}},"14":{"start":{"line":117,"column":132},"end":{"line":124,"column":68}},"15":{"start":{"line":117,"column":193},"end":{"line":117,"column":216}},"16":{"start":{"line":117,"column":217},"end":{"line":124,"column":66}},"17":{"start":{"line":117,"column":257},"end":{"line":124,"column":64}},"18":{"start":{"line":117,"column":302},"end":{"line":124,"column":63}},"19":{"start":{"line":121,"column":12},"end":{"line":121,"column":69}},"20":{"start":{"line":124,"column":12},"end":{"line":124,"column":62}},"21":{"start":{"line":124,"column":87},"end":{"line":124,"column":153}},"22":{"start":{"line":125,"column":2},"end":{"line":128,"column":126}},"23":{"start":{"line":126,"column":4},"end":{"line":128,"column":30}},"24":{"start":{"line":127,"column":6},"end":{"line":127,"column":127}},"25":{"start":{"line":127,"column":58},"end":{"line":127,"column":124}},"26":{"start":{"line":127,"column":96},"end":{"line":127,"column":121}},"27":{"start":{"line":128,"column":6},"end":{"line":128,"column":29}},"28":{"start":{"line":128,"column":46},"end":{"line":128,"column":123}},"29":{"start":{"line":128,"column":150},"end":{"line":128,"column":267}},"30":{"start":{"line":128,"column":185},"end":{"line":128,"column":266}},"31":{"start":{"line":128,"column":237},"end":{"line":128,"column":263}}},"fnMap":{"0":{"name":"register","decl":{"start":{"line":111,"column":99},"end":{"line":111,"column":107}},"loc":{"start":{"line":111,"column":110},"end":{"line":117,"column":37}},"line":111},"1":{"name":"(anonymous_1)","decl":{"start":{"line":115,"column":46},"end":{"line":115,"column":47}},"loc":{"start":{"line":115,"column":52},"end":{"line":117,"column":33}},"line":115},"2":{"name":"registerValidSW","decl":{"start":{"line":117,"column":46},"end":{"line":117,"column":61}},"loc":{"start":{"line":117,"column":69},"end":{"line":124,"column":157}},"line":117},"3":{"name":"(anonymous_3)","decl":{"start":{"line":117,"column":115},"end":{"line":117,"column":116}},"loc":{"start":{"line":117,"column":131},"end":{"line":124,"column":69}},"line":117},"4":{"name":"(anonymous_4)","decl":{"start":{"line":117,"column":161},"end":{"line":117,"column":162}},"loc":{"start":{"line":117,"column":167},"end":{"line":124,"column":67}},"line":117},"5":{"name":"(anonymous_5)","decl":{"start":{"line":117,"column":250},"end":{"line":117,"column":251}},"loc":{"start":{"line":117,"column":256},"end":{"line":124,"column":65}},"line":117},"6":{"name":"(anonymous_6)","decl":{"start":{"line":124,"column":77},"end":{"line":124,"column":78}},"loc":{"start":{"line":124,"column":86},"end":{"line":124,"column":154}},"line":124},"7":{"name":"checkValidServiceWorker","decl":{"start":{"line":124,"column":166},"end":{"line":124,"column":189}},"loc":{"start":{"line":124,"column":197},"end":{"line":128,"column":127}},"line":124},"8":{"name":"(anonymous_8)","decl":{"start":{"line":125,"column":20},"end":{"line":125,"column":21}},"loc":{"start":{"line":125,"column":32},"end":{"line":128,"column":31}},"line":125},"9":{"name":"(anonymous_9)","decl":{"start":{"line":127,"column":41},"end":{"line":127,"column":42}},"loc":{"start":{"line":127,"column":57},"end":{"line":127,"column":125}},"line":127},"10":{"name":"(anonymous_10)","decl":{"start":{"line":127,"column":89},"end":{"line":127,"column":90}},"loc":{"start":{"line":127,"column":95},"end":{"line":127,"column":122}},"line":127},"11":{"name":"(anonymous_11)","decl":{"start":{"line":128,"column":39},"end":{"line":128,"column":40}},"loc":{"start":{"line":128,"column":45},"end":{"line":128,"column":124}},"line":128},"12":{"name":"unregister","decl":{"start":{"line":128,"column":136},"end":{"line":128,"column":146}},"loc":{"start":{"line":128,"column":149},"end":{"line":128,"column":268}},"line":128},"13":{"name":"(anonymous_13)","decl":{"start":{"line":128,"column":220},"end":{"line":128,"column":221}},"loc":{"start":{"line":128,"column":236},"end":{"line":128,"column":264}},"line":128}},"branchMap":{"0":{"loc":{"start":{"line":109,"column":28},"end":{"line":111,"column":88}},"type":"binary-expr","locations":[{"start":{"line":109,"column":28},"end":{"line":109,"column":68}},{"start":{"line":110,"column":0},"end":{"line":110,"column":36}},{"start":{"line":111,"column":0},"end":{"line":111,"column":88}}],"line":109},"1":{"loc":{"start":{"line":111,"column":111},"end":{"line":117,"column":36}},"type":"if","locations":[{"start":{"line":111,"column":111},"end":{"line":117,"column":36}},{"start":{"line":111,"column":111},"end":{"line":117,"column":36}}],"line":111},"2":{"loc":{"start":{"line":111,"column":115},"end":{"line":111,"column":184}},"type":"binary-expr","locations":[{"start":{"line":111,"column":115},"end":{"line":111,"column":152}},{"start":{"line":111,"column":156},"end":{"line":111,"column":184}}],"line":111},"3":{"loc":{"start":{"line":112,"column":71},"end":{"line":115,"column":14}},"type":"if","locations":[{"start":{"line":112,"column":71},"end":{"line":115,"column":14}},{"start":{"line":112,"column":71},"end":{"line":115,"column":14}}],"line":112},"4":{"loc":{"start":{"line":115,"column":113},"end":{"line":117,"column":32}},"type":"if","locations":[{"start":{"line":115,"column":113},"end":{"line":117,"column":32}},{"start":{"line":115,"column":113},"end":{"line":117,"column":32}}],"line":115},"5":{"loc":{"start":{"line":117,"column":257},"end":{"line":124,"column":64}},"type":"if","locations":[{"start":{"line":117,"column":257},"end":{"line":124,"column":64}},{"start":{"line":117,"column":257},"end":{"line":124,"column":64}}],"line":117},"6":{"loc":{"start":{"line":117,"column":302},"end":{"line":124,"column":63}},"type":"if","locations":[{"start":{"line":117,"column":302},"end":{"line":124,"column":63}},{"start":{"line":117,"column":302},"end":{"line":124,"column":63}}],"line":117},"7":{"loc":{"start":{"line":126,"column":4},"end":{"line":128,"column":30}},"type":"if","locations":[{"start":{"line":126,"column":4},"end":{"line":128,"column":30}},{"start":{"line":126,"column":4},"end":{"line":128,"column":30}}],"line":126},"8":{"loc":{"start":{"line":126,"column":8},"end":{"line":126,"column":100}},"type":"binary-expr","locations":[{"start":{"line":126,"column":8},"end":{"line":126,"column":31}},{"start":{"line":126,"column":35},"end":{"line":126,"column":100}}],"line":126},"9":{"loc":{"start":{"line":128,"column":150},"end":{"line":128,"column":267}},"type":"if","locations":[{"start":{"line":128,"column":150},"end":{"line":128,"column":267}},{"start":{"line":128,"column":150},"end":{"line":128,"column":267}}],"line":128}},"s":{"0":0,"1":0,"2":0,"3":0,"4":0,"5":0,"6":0,"7":0,"8":0,"9":0,"10":0,"11":0,"12":0,"13":0,"14":0,"15":0,"16":0,"17":0,"18":0,"19":0,"20":0,"21":0,"22":0,"23":0,"24":0,"25":0,"26":0,"27":0,"28":0,"29":0,"30":0,"31":0},"f":{"0":0,"1":0,"2":0,"3":0,"4":0,"5":0,"6":0,"7":0,"8":0,"9":0,"10":0,"11":0,"12":0,"13":0},"b":{"0":[0,0,0],"1":[0,0],"2":[0,0],"3":[0,0],"4":[0,0],"5":[0,0],"6":[0,0],"7":[0,0],"8":[0,0],"9":[0,0]}}
,"/home/diogo/Documents/sports_app/sports_app/src/actions/allActions.js": {"path":"/home/diogo/Documents/sports_app/sports_app/src/actions/allActions.js","statementMap":{"0":{"start":{"line":1,"column":35},"end":{"line":1,"column":50}},"1":{"start":{"line":2,"column":37},"end":{"line":2,"column":60}},"2":{"start":{"line":3,"column":35},"end":{"line":3,"column":56}},"3":{"start":{"line":4,"column":29},"end":{"line":4,"column":44}},"4":{"start":{"line":6,"column":35},"end":{"line":6,"column":56}},"5":{"start":{"line":7,"column":37},"end":{"line":7,"column":60}},"6":{"start":{"line":8,"column":35},"end":{"line":8,"column":56}},"7":{"start":{"line":9,"column":29},"end":{"line":9,"column":44}},"8":{"start":{"line":11,"column":40},"end":{"line":11,"column":66}},"9":{"start":{"line":12,"column":42},"end":{"line":12,"column":70}},"10":{"start":{"line":13,"column":40},"end":{"line":13,"column":66}},"11":{"start":{"line":14,"column":28},"end":{"line":14,"column":42}}},"fnMap":{},"branchMap":{},"s":{"0":6,"1":6,"2":6,"3":6,"4":6,"5":6,"6":6,"7":6,"8":6,"9":6,"10":6,"11":6},"f":{},"b":{},"_coverageSchema":"332fd63041d2c1bcb487cc26dd0d5f7d97098a6c","hash":"c41894b2435acf6de2cec381be3644ab0c0013a2"}
,"/home/diogo/Documents/sports_app/sports_app/src/actions/leagueTableActions.js": {"path":"/home/diogo/Documents/sports_app/sports_app/src/actions/leagueTableActions.js","statementMap":{"0":{"start":{"line":4,"column":4},"end":{"line":6,"column":5}},"1":{"start":{"line":10,"column":4},"end":{"line":13,"column":5}},"2":{"start":{"line":17,"column":4},"end":{"line":19,"column":5}},"3":{"start":{"line":23,"column":4},"end":{"line":26,"column":5}},"4":{"start":{"line":32,"column":4},"end":{"line":54,"column":5}},"5":{"start":{"line":34,"column":8},"end":{"line":34,"column":42}},"6":{"start":{"line":36,"column":8},"end":{"line":53,"column":14}},"7":{"start":{"line":38,"column":16},"end":{"line":41,"column":19}},"8":{"start":{"line":38,"column":46},"end":{"line":41,"column":17}},"9":{"start":{"line":44,"column":16},"end":{"line":52,"column":17}},"10":{"start":{"line":45,"column":20},"end":{"line":45,"column":42}},"11":{"start":{"line":46,"column":20},"end":{"line":46,"column":73}},"12":{"start":{"line":48,"column":34},"end":{"line":48,"column":64}},"13":{"start":{"line":49,"column":20},"end":{"line":49,"column":46}},"14":{"start":{"line":50,"column":20},"end":{"line":50,"column":53}},"15":{"start":{"line":51,"column":20},"end":{"line":51,"column":32}}},"fnMap":{"0":{"name":"fetchLeagueTableBegin","decl":{"start":{"line":3,"column":16},"end":{"line":3,"column":37}},"loc":{"start":{"line":3,"column":40},"end":{"line":7,"column":1}},"line":3},"1":{"name":"fetchLeagueTableSuccess","decl":{"start":{"line":9,"column":16},"end":{"line":9,"column":39}},"loc":{"start":{"line":9,"column":46},"end":{"line":14,"column":1}},"line":9},"2":{"name":"fetchLeagueTableError","decl":{"start":{"line":16,"column":16},"end":{"line":16,"column":37}},"loc":{"start":{"line":16,"column":44},"end":{"line":20,"column":1}},"line":16},"3":{"name":"selectStage","decl":{"start":{"line":22,"column":16},"end":{"line":22,"column":27}},"loc":{"start":{"line":22,"column":34},"end":{"line":27,"column":1}},"line":22},"4":{"name":"fetchLeagueTable","decl":{"start":{"line":30,"column":16},"end":{"line":30,"column":32}},"loc":{"start":{"line":30,"column":43},"end":{"line":55,"column":1}},"line":30},"5":{"name":"(anonymous_5)","decl":{"start":{"line":32,"column":11},"end":{"line":32,"column":12}},"loc":{"start":{"line":32,"column":31},"end":{"line":54,"column":5}},"line":32},"6":{"name":"(anonymous_6)","decl":{"start":{"line":37,"column":18},"end":{"line":37,"column":19}},"loc":{"start":{"line":38,"column":16},"end":{"line":41,"column":19}},"line":38},"7":{"name":"(anonymous_7)","decl":{"start":{"line":38,"column":37},"end":{"line":38,"column":38}},"loc":{"start":{"line":38,"column":46},"end":{"line":41,"column":17}},"line":38},"8":{"name":"(anonymous_8)","decl":{"start":{"line":43,"column":18},"end":{"line":43,"column":19}},"loc":{"start":{"line":43,"column":30},"end":{"line":53,"column":13}},"line":43}},"branchMap":{"0":{"loc":{"start":{"line":44,"column":16},"end":{"line":52,"column":17}},"type":"if","locations":[{"start":{"line":44,"column":16},"end":{"line":52,"column":17}},{"start":{"line":44,"column":16},"end":{"line":52,"column":17}}],"line":44},"1":{"loc":{"start":{"line":44,"column":20},"end":{"line":44,"column":67}},"type":"binary-expr","locations":[{"start":{"line":44,"column":20},"end":{"line":44,"column":42}},{"start":{"line":44,"column":46},"end":{"line":44,"column":67}}],"line":44}},"s":{"0":1,"1":1,"2":1,"3":1,"4":0,"5":0,"6":0,"7":0,"8":0,"9":0,"10":0,"11":0,"12":0,"13":0,"14":0,"15":0},"f":{"0":1,"1":1,"2":1,"3":1,"4":0,"5":0,"6":0,"7":0,"8":0},"b":{"0":[0,0],"1":[0,0]},"_coverageSchema":"332fd63041d2c1bcb487cc26dd0d5f7d97098a6c","hash":"6a7d4da6ed150f67229d4c84747a404e1e689f8e"}
,"/home/diogo/Documents/sports_app/sports_app/src/actions/leaguesActions.js": {"path":"/home/diogo/Documents/sports_app/sports_app/src/actions/leaguesActions.js","statementMap":{"0":{"start":{"line":4,"column":4},"end":{"line":6,"column":5}},"1":{"start":{"line":10,"column":4},"end":{"line":13,"column":5}},"2":{"start":{"line":17,"column":4},"end":{"line":19,"column":5}},"3":{"start":{"line":23,"column":4},"end":{"line":26,"column":5}},"4":{"start":{"line":32,"column":4},"end":{"line":54,"column":5}},"5":{"start":{"line":34,"column":8},"end":{"line":34,"column":38}},"6":{"start":{"line":36,"column":8},"end":{"line":53,"column":14}},"7":{"start":{"line":38,"column":16},"end":{"line":41,"column":19}},"8":{"start":{"line":38,"column":46},"end":{"line":41,"column":17}},"9":{"start":{"line":44,"column":16},"end":{"line":52,"column":17}},"10":{"start":{"line":45,"column":20},"end":{"line":45,"column":42}},"11":{"start":{"line":46,"column":20},"end":{"line":46,"column":69}},"12":{"start":{"line":48,"column":34},"end":{"line":48,"column":64}},"13":{"start":{"line":49,"column":20},"end":{"line":49,"column":46}},"14":{"start":{"line":50,"column":20},"end":{"line":50,"column":49}},"15":{"start":{"line":51,"column":20},"end":{"line":51,"column":32}}},"fnMap":{"0":{"name":"fetchLeaguesBegin","decl":{"start":{"line":3,"column":16},"end":{"line":3,"column":33}},"loc":{"start":{"line":3,"column":36},"end":{"line":7,"column":1}},"line":3},"1":{"name":"fetchLeaguesSuccess","decl":{"start":{"line":9,"column":16},"end":{"line":9,"column":35}},"loc":{"start":{"line":9,"column":42},"end":{"line":14,"column":1}},"line":9},"2":{"name":"fetchLeaguesError","decl":{"start":{"line":16,"column":16},"end":{"line":16,"column":33}},"loc":{"start":{"line":16,"column":40},"end":{"line":20,"column":1}},"line":16},"3":{"name":"selectLeague","decl":{"start":{"line":22,"column":16},"end":{"line":22,"column":28}},"loc":{"start":{"line":22,"column":35},"end":{"line":27,"column":1}},"line":22},"4":{"name":"fetchLeagues","decl":{"start":{"line":30,"column":16},"end":{"line":30,"column":28}},"loc":{"start":{"line":30,"column":31},"end":{"line":55,"column":1}},"line":30},"5":{"name":"(anonymous_5)","decl":{"start":{"line":32,"column":11},"end":{"line":32,"column":12}},"loc":{"start":{"line":32,"column":31},"end":{"line":54,"column":5}},"line":32},"6":{"name":"(anonymous_6)","decl":{"start":{"line":37,"column":18},"end":{"line":37,"column":19}},"loc":{"start":{"line":38,"column":16},"end":{"line":41,"column":19}},"line":38},"7":{"name":"(anonymous_7)","decl":{"start":{"line":38,"column":37},"end":{"line":38,"column":38}},"loc":{"start":{"line":38,"column":46},"end":{"line":41,"column":17}},"line":38},"8":{"name":"(anonymous_8)","decl":{"start":{"line":43,"column":18},"end":{"line":43,"column":19}},"loc":{"start":{"line":43,"column":30},"end":{"line":53,"column":13}},"line":43}},"branchMap":{"0":{"loc":{"start":{"line":44,"column":16},"end":{"line":52,"column":17}},"type":"if","locations":[{"start":{"line":44,"column":16},"end":{"line":52,"column":17}},{"start":{"line":44,"column":16},"end":{"line":52,"column":17}}],"line":44},"1":{"loc":{"start":{"line":44,"column":20},"end":{"line":44,"column":67}},"type":"binary-expr","locations":[{"start":{"line":44,"column":20},"end":{"line":44,"column":42}},{"start":{"line":44,"column":46},"end":{"line":44,"column":67}}],"line":44}},"s":{"0":1,"1":1,"2":1,"3":1,"4":0,"5":0,"6":0,"7":0,"8":0,"9":0,"10":0,"11":0,"12":0,"13":0,"14":0,"15":0},"f":{"0":1,"1":1,"2":1,"3":1,"4":0,"5":0,"6":0,"7":0,"8":0},"b":{"0":[0,0],"1":[0,0]},"_coverageSchema":"332fd63041d2c1bcb487cc26dd0d5f7d97098a6c","hash":"05e2b9a218ca2977597cd5ee8f2ade2e4a91e44b"}
,"/home/diogo/Documents/sports_app/sports_app/src/actions/seasonsActions.js": {"path":"/home/diogo/Documents/sports_app/sports_app/src/actions/seasonsActions.js","statementMap":{"0":{"start":{"line":4,"column":4},"end":{"line":6,"column":5}},"1":{"start":{"line":10,"column":4},"end":{"line":13,"column":5}},"2":{"start":{"line":17,"column":4},"end":{"line":19,"column":5}},"3":{"start":{"line":23,"column":4},"end":{"line":26,"column":5}},"4":{"start":{"line":32,"column":4},"end":{"line":54,"column":5}},"5":{"start":{"line":34,"column":8},"end":{"line":34,"column":38}},"6":{"start":{"line":36,"column":8},"end":{"line":53,"column":14}},"7":{"start":{"line":38,"column":16},"end":{"line":41,"column":19}},"8":{"start":{"line":38,"column":46},"end":{"line":41,"column":17}},"9":{"start":{"line":44,"column":16},"end":{"line":52,"column":17}},"10":{"start":{"line":45,"column":20},"end":{"line":45,"column":42}},"11":{"start":{"line":46,"column":20},"end":{"line":46,"column":69}},"12":{"start":{"line":48,"column":34},"end":{"line":48,"column":64}},"13":{"start":{"line":49,"column":20},"end":{"line":49,"column":46}},"14":{"start":{"line":50,"column":20},"end":{"line":50,"column":49}},"15":{"start":{"line":51,"column":20},"end":{"line":51,"column":32}}},"fnMap":{"0":{"name":"fetchSeasonsBegin","decl":{"start":{"line":3,"column":16},"end":{"line":3,"column":33}},"loc":{"start":{"line":3,"column":36},"end":{"line":7,"column":1}},"line":3},"1":{"name":"fetchSeasonsSuccess","decl":{"start":{"line":9,"column":16},"end":{"line":9,"column":35}},"loc":{"start":{"line":9,"column":42},"end":{"line":14,"column":1}},"line":9},"2":{"name":"fetchSeasonsError","decl":{"start":{"line":16,"column":16},"end":{"line":16,"column":33}},"loc":{"start":{"line":16,"column":40},"end":{"line":20,"column":1}},"line":16},"3":{"name":"selectSeason","decl":{"start":{"line":22,"column":16},"end":{"line":22,"column":28}},"loc":{"start":{"line":22,"column":35},"end":{"line":27,"column":1}},"line":22},"4":{"name":"fetchSeasons","decl":{"start":{"line":30,"column":16},"end":{"line":30,"column":28}},"loc":{"start":{"line":30,"column":31},"end":{"line":55,"column":1}},"line":30},"5":{"name":"(anonymous_5)","decl":{"start":{"line":32,"column":11},"end":{"line":32,"column":12}},"loc":{"start":{"line":32,"column":31},"end":{"line":54,"column":5}},"line":32},"6":{"name":"(anonymous_6)","decl":{"start":{"line":37,"column":18},"end":{"line":37,"column":19}},"loc":{"start":{"line":38,"column":16},"end":{"line":41,"column":19}},"line":38},"7":{"name":"(anonymous_7)","decl":{"start":{"line":38,"column":37},"end":{"line":38,"column":38}},"loc":{"start":{"line":38,"column":46},"end":{"line":41,"column":17}},"line":38},"8":{"name":"(anonymous_8)","decl":{"start":{"line":43,"column":18},"end":{"line":43,"column":19}},"loc":{"start":{"line":43,"column":30},"end":{"line":53,"column":13}},"line":43}},"branchMap":{"0":{"loc":{"start":{"line":44,"column":16},"end":{"line":52,"column":17}},"type":"if","locations":[{"start":{"line":44,"column":16},"end":{"line":52,"column":17}},{"start":{"line":44,"column":16},"end":{"line":52,"column":17}}],"line":44},"1":{"loc":{"start":{"line":44,"column":20},"end":{"line":44,"column":67}},"type":"binary-expr","locations":[{"start":{"line":44,"column":20},"end":{"line":44,"column":42}},{"start":{"line":44,"column":46},"end":{"line":44,"column":67}}],"line":44}},"s":{"0":1,"1":1,"2":1,"3":1,"4":0,"5":0,"6":0,"7":0,"8":0,"9":0,"10":0,"11":0,"12":0,"13":0,"14":0,"15":0},"f":{"0":1,"1":1,"2":1,"3":1,"4":0,"5":0,"6":0,"7":0,"8":0},"b":{"0":[0,0],"1":[0,0]},"_coverageSchema":"332fd63041d2c1bcb487cc26dd0d5f7d97098a6c","hash":"d43f4808ea096880e7943b63867edde935ca528b"}
,"/home/diogo/Documents/sports_app/sports_app/src/components/leagueStagesList.js": {"path":"/home/diogo/Documents/sports_app/sports_app/src/components/leagueStagesList.js","statementMap":{"0":{"start":{"line":1,"column":13},"end":{"line":1,"column":75}},"1":{"start":{"line":1,"column":94},"end":{"line":1,"column":174}},"2":{"start":{"line":1,"column":197},"end":{"line":1,"column":223}},"3":{"start":{"line":2,"column":18},"end":{"line":2,"column":40}},"4":{"start":{"line":3,"column":13},"end":{"line":3,"column":29}},"5":{"start":{"line":4,"column":26},"end":{"line":4,"column":66}},"6":{"start":{"line":4,"column":92},"end":{"line":4,"column":136}},"7":{"start":{"line":5,"column":17},"end":{"line":5,"column":38}},"8":{"start":{"line":5,"column":57},"end":{"line":5,"column":91}},"9":{"start":{"line":6,"column":13},"end":{"line":6,"column":29}},"10":{"start":{"line":6,"column":44},"end":{"line":6,"column":74}},"11":{"start":{"line":6,"column":113},"end":{"line":6,"column":167}},"12":{"start":{"line":6,"column":207},"end":{"line":6,"column":423}},"13":{"start":{"line":6,"column":235},"end":{"line":6,"column":246}},"14":{"start":{"line":6,"column":267},"end":{"line":6,"column":269}},"15":{"start":{"line":6,"column":270},"end":{"line":6,"column":387}},"16":{"start":{"line":6,"column":288},"end":{"line":6,"column":386}},"17":{"start":{"line":6,"column":310},"end":{"line":6,"column":385}},"18":{"start":{"line":6,"column":362},"end":{"line":6,"column":385}},"19":{"start":{"line":6,"column":387},"end":{"line":6,"column":408}},"20":{"start":{"line":6,"column":408},"end":{"line":6,"column":422}},"21":{"start":{"line":11,"column":8},"end":{"line":11,"column":21}},"22":{"start":{"line":12,"column":8},"end":{"line":12,"column":35}},"23":{"start":{"line":16,"column":8},"end":{"line":16,"column":59}},"24":{"start":{"line":17,"column":8},"end":{"line":17,"column":53}},"25":{"start":{"line":18,"column":8},"end":{"line":18,"column":70}},"26":{"start":{"line":23,"column":8},"end":{"line":23,"column":166}},"27":{"start":{"line":27,"column":8},"end":{"line":62,"column":9}},"28":{"start":{"line":28,"column":12},"end":{"line":29,"column":145}},"29":{"start":{"line":33,"column":15},"end":{"line":62,"column":9}},"30":{"start":{"line":34,"column":12},"end":{"line":35,"column":147}},"31":{"start":{"line":40,"column":12},"end":{"line":55,"column":35}},"32":{"start":{"line":46,"column":48},"end":{"line":46,"column":65}},"33":{"start":{"line":52,"column":32},"end":{"line":53,"column":59}},"34":{"start":{"line":66,"column":0},"end":{"line":68,"column":46}},"35":{"start":{"line":72,"column":4},"end":{"line":74,"column":55}},"36":{"start":{"line":79,"column":4},"end":{"line":80,"column":91}},"37":{"start":{"line":82,"column":1},"end":{"line":87,"column":18}}},"fnMap":{"0":{"name":"_interopRequireDefault","decl":{"start":{"line":6,"column":84},"end":{"line":6,"column":106}},"loc":{"start":{"line":6,"column":112},"end":{"line":6,"column":168}},"line":6},"1":{"name":"_interopRequireWildcard","decl":{"start":{"line":6,"column":177},"end":{"line":6,"column":200}},"loc":{"start":{"line":6,"column":206},"end":{"line":6,"column":424}},"line":6},"2":{"name":"(anonymous_2)","decl":{"start":{"line":10,"column":4},"end":{"line":10,"column":5}},"loc":{"start":{"line":10,"column":23},"end":{"line":13,"column":5}},"line":10},"3":{"name":"(anonymous_3)","decl":{"start":{"line":15,"column":4},"end":{"line":15,"column":5}},"loc":{"start":{"line":15,"column":21},"end":{"line":20,"column":5}},"line":15},"4":{"name":"(anonymous_4)","decl":{"start":{"line":22,"column":4},"end":{"line":22,"column":5}},"loc":{"start":{"line":22,"column":21},"end":{"line":24,"column":5}},"line":22},"5":{"name":"(anonymous_5)","decl":{"start":{"line":26,"column":4},"end":{"line":26,"column":5}},"loc":{"start":{"line":26,"column":13},"end":{"line":63,"column":5}},"line":26},"6":{"name":"(anonymous_6)","decl":{"start":{"line":46,"column":42},"end":{"line":46,"column":43}},"loc":{"start":{"line":46,"column":48},"end":{"line":46,"column":65}},"line":46},"7":{"name":"(anonymous_7)","decl":{"start":{"line":51,"column":32},"end":{"line":51,"column":33}},"loc":{"start":{"line":51,"column":49},"end":{"line":55,"column":29}},"line":51},"8":{"name":"mapStateToProps","decl":{"start":{"line":71,"column":9},"end":{"line":71,"column":24}},"loc":{"start":{"line":71,"column":32},"end":{"line":76,"column":1}},"line":71},"9":{"name":"mapDispatchToProps","decl":{"start":{"line":78,"column":9},"end":{"line":78,"column":27}},"loc":{"start":{"line":78,"column":38},"end":{"line":82,"column":1}},"line":78}},"branchMap":{"0":{"loc":{"start":{"line":6,"column":120},"end":{"line":6,"column":166}},"type":"cond-expr","locations":[{"start":{"line":6,"column":144},"end":{"line":6,"column":147}},{"start":{"line":6,"column":150},"end":{"line":6,"column":166}}],"line":6},"1":{"loc":{"start":{"line":6,"column":120},"end":{"line":6,"column":141}},"type":"binary-expr","locations":[{"start":{"line":6,"column":120},"end":{"line":6,"column":123}},{"start":{"line":6,"column":127},"end":{"line":6,"column":141}}],"line":6},"2":{"loc":{"start":{"line":6,"column":207},"end":{"line":6,"column":423}},"type":"if","locations":[{"start":{"line":6,"column":207},"end":{"line":6,"column":423}},{"start":{"line":6,"column":207},"end":{"line":6,"column":423}}],"line":6},"3":{"loc":{"start":{"line":6,"column":211},"end":{"line":6,"column":232}},"type":"binary-expr","locations":[{"start":{"line":6,"column":211},"end":{"line":6,"column":214}},{"start":{"line":6,"column":218},"end":{"line":6,"column":232}}],"line":6},"4":{"loc":{"start":{"line":6,"column":270},"end":{"line":6,"column":387}},"type":"if","locations":[{"start":{"line":6,"column":270},"end":{"line":6,"column":387}},{"start":{"line":6,"column":270},"end":{"line":6,"column":387}}],"line":6},"5":{"loc":{"start":{"line":6,"column":310},"end":{"line":6,"column":385}},"type":"if","locations":[{"start":{"line":6,"column":310},"end":{"line":6,"column":385}},{"start":{"line":6,"column":310},"end":{"line":6,"column":385}}],"line":6},"6":{"loc":{"start":{"line":27,"column":8},"end":{"line":62,"column":9}},"type":"if","locations":[{"start":{"line":27,"column":8},"end":{"line":62,"column":9}},{"start":{"line":27,"column":8},"end":{"line":62,"column":9}}],"line":27},"7":{"loc":{"start":{"line":33,"column":15},"end":{"line":62,"column":9}},"type":"if","locations":[{"start":{"line":33,"column":15},"end":{"line":62,"column":9}},{"start":{"line":33,"column":15},"end":{"line":62,"column":9}}],"line":33},"8":{"loc":{"start":{"line":33,"column":19},"end":{"line":33,"column":92}},"type":"binary-expr","locations":[{"start":{"line":33,"column":19},"end":{"line":33,"column":53}},{"start":{"line":33,"column":57},"end":{"line":33,"column":92}}],"line":33}},"s":{"0":0,"1":0,"2":0,"3":0,"4":0,"5":0,"6":0,"7":0,"8":0,"9":0,"10":0,"11":0,"12":0,"13":0,"14":0,"15":0,"16":0,"17":0,"18":0,"19":0,"20":0,"21":0,"22":0,"23":0,"24":0,"25":0,"26":0,"27":0,"28":0,"29":0,"30":0,"31":0,"32":0,"33":0,"34":0,"35":0,"36":0,"37":0},"f":{"0":0,"1":0,"2":0,"3":0,"4":0,"5":0,"6":0,"7":0,"8":0,"9":0},"b":{"0":[0,0],"1":[0,0],"2":[0,0],"3":[0,0],"4":[0,0],"5":[0,0],"6":[0,0],"7":[0,0],"8":[0,0]}}
,"/home/diogo/Documents/sports_app/sports_app/src/components/leagueTable.js": {"path":"/home/diogo/Documents/sports_app/sports_app/src/components/leagueTable.js","statementMap":{"0":{"start":{"line":1,"column":13},"end":{"line":1,"column":75}},"1":{"start":{"line":1,"column":94},"end":{"line":1,"column":169}},"2":{"start":{"line":1,"column":192},"end":{"line":1,"column":218}},"3":{"start":{"line":2,"column":18},"end":{"line":2,"column":40}},"4":{"start":{"line":3,"column":13},"end":{"line":3,"column":29}},"5":{"start":{"line":4,"column":26},"end":{"line":4,"column":66}},"6":{"start":{"line":4,"column":92},"end":{"line":4,"column":136}},"7":{"start":{"line":5,"column":17},"end":{"line":5,"column":38}},"8":{"start":{"line":5,"column":57},"end":{"line":5,"column":91}},"9":{"start":{"line":6,"column":13},"end":{"line":6,"column":29}},"10":{"start":{"line":6,"column":44},"end":{"line":6,"column":74}},"11":{"start":{"line":7,"column":18},"end":{"line":7,"column":40}},"12":{"start":{"line":7,"column":60},"end":{"line":7,"column":95}},"13":{"start":{"line":7,"column":134},"end":{"line":7,"column":188}},"14":{"start":{"line":7,"column":228},"end":{"line":7,"column":444}},"15":{"start":{"line":7,"column":256},"end":{"line":7,"column":267}},"16":{"start":{"line":7,"column":288},"end":{"line":7,"column":290}},"17":{"start":{"line":7,"column":291},"end":{"line":7,"column":408}},"18":{"start":{"line":7,"column":309},"end":{"line":7,"column":407}},"19":{"start":{"line":7,"column":331},"end":{"line":7,"column":406}},"20":{"start":{"line":7,"column":383},"end":{"line":7,"column":406}},"21":{"start":{"line":7,"column":408},"end":{"line":7,"column":429}},"22":{"start":{"line":7,"column":429},"end":{"line":7,"column":443}},"23":{"start":{"line":9,"column":16},"end":{"line":42,"column":36}},"24":{"start":{"line":18,"column":19},"end":{"line":18,"column":41}},"25":{"start":{"line":22,"column":19},"end":{"line":22,"column":32}},"26":{"start":{"line":26,"column":19},"end":{"line":26,"column":33}},"27":{"start":{"line":30,"column":19},"end":{"line":30,"column":33}},"28":{"start":{"line":34,"column":19},"end":{"line":34,"column":75}},"29":{"start":{"line":38,"column":19},"end":{"line":38,"column":42}},"30":{"start":{"line":42,"column":19},"end":{"line":42,"column":33}},"31":{"start":{"line":47,"column":8},"end":{"line":47,"column":21}},"32":{"start":{"line":48,"column":8},"end":{"line":48,"column":36}},"33":{"start":{"line":52,"column":20},"end":{"line":54,"column":10}},"34":{"start":{"line":53,"column":12},"end":{"line":53,"column":84}},"35":{"start":{"line":56,"column":8},"end":{"line":56,"column":36}},"36":{"start":{"line":60,"column":8},"end":{"line":60,"column":164}},"37":{"start":{"line":64,"column":8},"end":{"line":87,"column":9}},"38":{"start":{"line":65,"column":12},"end":{"line":66,"column":145}},"39":{"start":{"line":70,"column":15},"end":{"line":87,"column":9}},"40":{"start":{"line":71,"column":12},"end":{"line":72,"column":152}},"41":{"start":{"line":77,"column":12},"end":{"line":83,"column":108}},"42":{"start":{"line":91,"column":0},"end":{"line":93,"column":46}},"43":{"start":{"line":97,"column":4},"end":{"line":98,"column":41}},"44":{"start":{"line":103,"column":4},"end":{"line":104,"column":91}},"45":{"start":{"line":106,"column":1},"end":{"line":111,"column":13}}},"fnMap":{"0":{"name":"_interopRequireDefault","decl":{"start":{"line":7,"column":105},"end":{"line":7,"column":127}},"loc":{"start":{"line":7,"column":133},"end":{"line":7,"column":189}},"line":7},"1":{"name":"_interopRequireWildcard","decl":{"start":{"line":7,"column":198},"end":{"line":7,"column":221}},"loc":{"start":{"line":7,"column":227},"end":{"line":7,"column":445}},"line":7},"2":{"name":"(anonymous_2)","decl":{"start":{"line":18,"column":14},"end":{"line":18,"column":15}},"loc":{"start":{"line":18,"column":19},"end":{"line":18,"column":41}},"line":18},"3":{"name":"(anonymous_3)","decl":{"start":{"line":22,"column":14},"end":{"line":22,"column":15}},"loc":{"start":{"line":22,"column":19},"end":{"line":22,"column":32}},"line":22},"4":{"name":"(anonymous_4)","decl":{"start":{"line":26,"column":14},"end":{"line":26,"column":15}},"loc":{"start":{"line":26,"column":19},"end":{"line":26,"column":33}},"line":26},"5":{"name":"(anonymous_5)","decl":{"start":{"line":30,"column":14},"end":{"line":30,"column":15}},"loc":{"start":{"line":30,"column":19},"end":{"line":30,"column":33}},"line":30},"6":{"name":"(anonymous_6)","decl":{"start":{"line":34,"column":14},"end":{"line":34,"column":15}},"loc":{"start":{"line":34,"column":19},"end":{"line":34,"column":75}},"line":34},"7":{"name":"(anonymous_7)","decl":{"start":{"line":38,"column":14},"end":{"line":38,"column":15}},"loc":{"start":{"line":38,"column":19},"end":{"line":38,"column":42}},"line":38},"8":{"name":"(anonymous_8)","decl":{"start":{"line":42,"column":14},"end":{"line":42,"column":15}},"loc":{"start":{"line":42,"column":19},"end":{"line":42,"column":33}},"line":42},"9":{"name":"(anonymous_9)","decl":{"start":{"line":46,"column":4},"end":{"line":46,"column":5}},"loc":{"start":{"line":46,"column":23},"end":{"line":49,"column":5}},"line":46},"10":{"name":"(anonymous_10)","decl":{"start":{"line":51,"column":4},"end":{"line":51,"column":5}},"loc":{"start":{"line":51,"column":32},"end":{"line":57,"column":5}},"line":51},"11":{"name":"(anonymous_11)","decl":{"start":{"line":52,"column":59},"end":{"line":52,"column":60}},"loc":{"start":{"line":52,"column":66},"end":{"line":54,"column":9}},"line":52},"12":{"name":"(anonymous_12)","decl":{"start":{"line":59,"column":4},"end":{"line":59,"column":5}},"loc":{"start":{"line":59,"column":21},"end":{"line":61,"column":5}},"line":59},"13":{"name":"(anonymous_13)","decl":{"start":{"line":63,"column":4},"end":{"line":63,"column":5}},"loc":{"start":{"line":63,"column":13},"end":{"line":88,"column":5}},"line":63},"14":{"name":"mapStateToProps","decl":{"start":{"line":96,"column":9},"end":{"line":96,"column":24}},"loc":{"start":{"line":96,"column":32},"end":{"line":100,"column":1}},"line":96},"15":{"name":"mapDispatchToProps","decl":{"start":{"line":102,"column":9},"end":{"line":102,"column":27}},"loc":{"start":{"line":102,"column":38},"end":{"line":106,"column":1}},"line":102}},"branchMap":{"0":{"loc":{"start":{"line":7,"column":141},"end":{"line":7,"column":187}},"type":"cond-expr","locations":[{"start":{"line":7,"column":165},"end":{"line":7,"column":168}},{"start":{"line":7,"column":171},"end":{"line":7,"column":187}}],"line":7},"1":{"loc":{"start":{"line":7,"column":141},"end":{"line":7,"column":162}},"type":"binary-expr","locations":[{"start":{"line":7,"column":141},"end":{"line":7,"column":144}},{"start":{"line":7,"column":148},"end":{"line":7,"column":162}}],"line":7},"2":{"loc":{"start":{"line":7,"column":228},"end":{"line":7,"column":444}},"type":"if","locations":[{"start":{"line":7,"column":228},"end":{"line":7,"column":444}},{"start":{"line":7,"column":228},"end":{"line":7,"column":444}}],"line":7},"3":{"loc":{"start":{"line":7,"column":232},"end":{"line":7,"column":253}},"type":"binary-expr","locations":[{"start":{"line":7,"column":232},"end":{"line":7,"column":235}},{"start":{"line":7,"column":239},"end":{"line":7,"column":253}}],"line":7},"4":{"loc":{"start":{"line":7,"column":291},"end":{"line":7,"column":408}},"type":"if","locations":[{"start":{"line":7,"column":291},"end":{"line":7,"column":408}},{"start":{"line":7,"column":291},"end":{"line":7,"column":408}}],"line":7},"5":{"loc":{"start":{"line":7,"column":331},"end":{"line":7,"column":406}},"type":"if","locations":[{"start":{"line":7,"column":331},"end":{"line":7,"column":406}},{"start":{"line":7,"column":331},"end":{"line":7,"column":406}}],"line":7},"6":{"loc":{"start":{"line":64,"column":8},"end":{"line":87,"column":9}},"type":"if","locations":[{"start":{"line":64,"column":8},"end":{"line":87,"column":9}},{"start":{"line":64,"column":8},"end":{"line":87,"column":9}}],"line":64},"7":{"loc":{"start":{"line":70,"column":15},"end":{"line":87,"column":9}},"type":"if","locations":[{"start":{"line":70,"column":15},"end":{"line":87,"column":9}},{"start":{"line":70,"column":15},"end":{"line":87,"column":9}}],"line":70},"8":{"loc":{"start":{"line":70,"column":19},"end":{"line":70,"column":92}},"type":"binary-expr","locations":[{"start":{"line":70,"column":19},"end":{"line":70,"column":53}},{"start":{"line":70,"column":57},"end":{"line":70,"column":92}}],"line":70}},"s":{"0":0,"1":0,"2":0,"3":0,"4":0,"5":0,"6":0,"7":0,"8":0,"9":0,"10":0,"11":0,"12":0,"13":0,"14":0,"15":0,"16":0,"17":0,"18":0,"19":0,"20":0,"21":0,"22":0,"23":0,"24":0,"25":0,"26":0,"27":0,"28":0,"29":0,"30":0,"31":0,"32":0,"33":0,"34":0,"35":0,"36":0,"37":0,"38":0,"39":0,"40":0,"41":0,"42":0,"43":0,"44":0,"45":0},"f":{"0":0,"1":0,"2":0,"3":0,"4":0,"5":0,"6":0,"7":0,"8":0,"9":0,"10":0,"11":0,"12":0,"13":0,"14":0,"15":0},"b":{"0":[0,0],"1":[0,0],"2":[0,0],"3":[0,0],"4":[0,0],"5":[0,0],"6":[0,0],"7":[0,0],"8":[0,0]}}
,"/home/diogo/Documents/sports_app/sports_app/src/components/leaguesList.js": {"path":"/home/diogo/Documents/sports_app/sports_app/src/components/leaguesList.js","statementMap":{"0":{"start":{"line":1,"column":13},"end":{"line":1,"column":75}},"1":{"start":{"line":1,"column":94},"end":{"line":1,"column":169}},"2":{"start":{"line":1,"column":192},"end":{"line":1,"column":218}},"3":{"start":{"line":2,"column":18},"end":{"line":2,"column":40}},"4":{"start":{"line":3,"column":13},"end":{"line":3,"column":29}},"5":{"start":{"line":4,"column":22},"end":{"line":4,"column":58}},"6":{"start":{"line":4,"column":80},"end":{"line":4,"column":120}},"7":{"start":{"line":5,"column":22},"end":{"line":5,"column":58}},"8":{"start":{"line":5,"column":80},"end":{"line":5,"column":120}},"9":{"start":{"line":6,"column":17},"end":{"line":6,"column":38}},"10":{"start":{"line":6,"column":57},"end":{"line":6,"column":91}},"11":{"start":{"line":7,"column":13},"end":{"line":7,"column":29}},"12":{"start":{"line":7,"column":44},"end":{"line":7,"column":74}},"13":{"start":{"line":7,"column":113},"end":{"line":7,"column":167}},"14":{"start":{"line":7,"column":207},"end":{"line":7,"column":423}},"15":{"start":{"line":7,"column":235},"end":{"line":7,"column":246}},"16":{"start":{"line":7,"column":267},"end":{"line":7,"column":269}},"17":{"start":{"line":7,"column":270},"end":{"line":7,"column":387}},"18":{"start":{"line":7,"column":288},"end":{"line":7,"column":386}},"19":{"start":{"line":7,"column":310},"end":{"line":7,"column":385}},"20":{"start":{"line":7,"column":362},"end":{"line":7,"column":385}},"21":{"start":{"line":7,"column":387},"end":{"line":7,"column":408}},"22":{"start":{"line":7,"column":408},"end":{"line":7,"column":422}},"23":{"start":{"line":12,"column":8},"end":{"line":12,"column":21}},"24":{"start":{"line":13,"column":8},"end":{"line":13,"column":36}},"25":{"start":{"line":17,"column":8},"end":{"line":17,"column":60}},"26":{"start":{"line":18,"column":8},"end":{"line":18,"column":54}},"27":{"start":{"line":19,"column":8},"end":{"line":21,"column":9}},"28":{"start":{"line":20,"column":12},"end":{"line":20,"column":57}},"29":{"start":{"line":22,"column":8},"end":{"line":22,"column":67}},"30":{"start":{"line":26,"column":8},"end":{"line":26,"column":49}},"31":{"start":{"line":30,"column":8},"end":{"line":30,"column":154}},"32":{"start":{"line":34,"column":8},"end":{"line":62,"column":9}},"33":{"start":{"line":35,"column":12},"end":{"line":36,"column":148}},"34":{"start":{"line":41,"column":12},"end":{"line":55,"column":35}},"35":{"start":{"line":47,"column":48},"end":{"line":47,"column":65}},"36":{"start":{"line":52,"column":32},"end":{"line":53,"column":59}},"37":{"start":{"line":66,"column":0},"end":{"line":68,"column":42}},"38":{"start":{"line":72,"column":4},"end":{"line":73,"column":33}},"39":{"start":{"line":78,"column":4},"end":{"line":80,"column":83}},"40":{"start":{"line":82,"column":1},"end":{"line":87,"column":13}}},"fnMap":{"0":{"name":"_interopRequireDefault","decl":{"start":{"line":7,"column":84},"end":{"line":7,"column":106}},"loc":{"start":{"line":7,"column":112},"end":{"line":7,"column":168}},"line":7},"1":{"name":"_interopRequireWildcard","decl":{"start":{"line":7,"column":177},"end":{"line":7,"column":200}},"loc":{"start":{"line":7,"column":206},"end":{"line":7,"column":424}},"line":7},"2":{"name":"(anonymous_2)","decl":{"start":{"line":11,"column":4},"end":{"line":11,"column":5}},"loc":{"start":{"line":11,"column":23},"end":{"line":14,"column":5}},"line":11},"3":{"name":"(anonymous_3)","decl":{"start":{"line":16,"column":4},"end":{"line":16,"column":5}},"loc":{"start":{"line":16,"column":22},"end":{"line":23,"column":5}},"line":16},"4":{"name":"(anonymous_4)","decl":{"start":{"line":25,"column":4},"end":{"line":25,"column":5}},"loc":{"start":{"line":25,"column":25},"end":{"line":27,"column":5}},"line":25},"5":{"name":"(anonymous_5)","decl":{"start":{"line":29,"column":4},"end":{"line":29,"column":5}},"loc":{"start":{"line":29,"column":21},"end":{"line":31,"column":5}},"line":29},"6":{"name":"(anonymous_6)","decl":{"start":{"line":33,"column":4},"end":{"line":33,"column":5}},"loc":{"start":{"line":33,"column":13},"end":{"line":63,"column":5}},"line":33},"7":{"name":"(anonymous_7)","decl":{"start":{"line":47,"column":42},"end":{"line":47,"column":43}},"loc":{"start":{"line":47,"column":48},"end":{"line":47,"column":65}},"line":47},"8":{"name":"(anonymous_8)","decl":{"start":{"line":51,"column":56},"end":{"line":51,"column":57}},"loc":{"start":{"line":51,"column":73},"end":{"line":55,"column":29}},"line":51},"9":{"name":"mapStateToProps","decl":{"start":{"line":71,"column":9},"end":{"line":71,"column":24}},"loc":{"start":{"line":71,"column":32},"end":{"line":75,"column":1}},"line":71},"10":{"name":"mapDispatchToProps","decl":{"start":{"line":77,"column":9},"end":{"line":77,"column":27}},"loc":{"start":{"line":77,"column":38},"end":{"line":82,"column":1}},"line":77}},"branchMap":{"0":{"loc":{"start":{"line":7,"column":120},"end":{"line":7,"column":166}},"type":"cond-expr","locations":[{"start":{"line":7,"column":144},"end":{"line":7,"column":147}},{"start":{"line":7,"column":150},"end":{"line":7,"column":166}}],"line":7},"1":{"loc":{"start":{"line":7,"column":120},"end":{"line":7,"column":141}},"type":"binary-expr","locations":[{"start":{"line":7,"column":120},"end":{"line":7,"column":123}},{"start":{"line":7,"column":127},"end":{"line":7,"column":141}}],"line":7},"2":{"loc":{"start":{"line":7,"column":207},"end":{"line":7,"column":423}},"type":"if","locations":[{"start":{"line":7,"column":207},"end":{"line":7,"column":423}},{"start":{"line":7,"column":207},"end":{"line":7,"column":423}}],"line":7},"3":{"loc":{"start":{"line":7,"column":211},"end":{"line":7,"column":232}},"type":"binary-expr","locations":[{"start":{"line":7,"column":211},"end":{"line":7,"column":214}},{"start":{"line":7,"column":218},"end":{"line":7,"column":232}}],"line":7},"4":{"loc":{"start":{"line":7,"column":270},"end":{"line":7,"column":387}},"type":"if","locations":[{"start":{"line":7,"column":270},"end":{"line":7,"column":387}},{"start":{"line":7,"column":270},"end":{"line":7,"column":387}}],"line":7},"5":{"loc":{"start":{"line":7,"column":310},"end":{"line":7,"column":385}},"type":"if","locations":[{"start":{"line":7,"column":310},"end":{"line":7,"column":385}},{"start":{"line":7,"column":310},"end":{"line":7,"column":385}}],"line":7},"6":{"loc":{"start":{"line":19,"column":8},"end":{"line":21,"column":9}},"type":"if","locations":[{"start":{"line":19,"column":8},"end":{"line":21,"column":9}},{"start":{"line":19,"column":8},"end":{"line":21,"column":9}}],"line":19},"7":{"loc":{"start":{"line":34,"column":8},"end":{"line":62,"column":9}},"type":"if","locations":[{"start":{"line":34,"column":8},"end":{"line":62,"column":9}},{"start":{"line":34,"column":8},"end":{"line":62,"column":9}}],"line":34},"8":{"loc":{"start":{"line":34,"column":12},"end":{"line":34,"column":71}},"type":"binary-expr","locations":[{"start":{"line":34,"column":12},"end":{"line":34,"column":36}},{"start":{"line":34,"column":40},"end":{"line":34,"column":71}}],"line":34}},"s":{"0":0,"1":0,"2":0,"3":0,"4":0,"5":0,"6":0,"7":0,"8":0,"9":0,"10":0,"11":0,"12":0,"13":0,"14":0,"15":0,"16":0,"17":0,"18":0,"19":0,"20":0,"21":0,"22":0,"23":0,"24":0,"25":0,"26":0,"27":0,"28":0,"29":0,"30":0,"31":0,"32":0,"33":0,"34":0,"35":0,"36":0,"37":0,"38":0,"39":0,"40":0},"f":{"0":0,"1":0,"2":0,"3":0,"4":0,"5":0,"6":0,"7":0,"8":0,"9":0,"10":0},"b":{"0":[0,0],"1":[0,0],"2":[0,0],"3":[0,0],"4":[0,0],"5":[0,0],"6":[0,0],"7":[0,0],"8":[0,0]}}
,"/home/diogo/Documents/sports_app/sports_app/src/components/seasonsList.js": {"path":"/home/diogo/Documents/sports_app/sports_app/src/components/seasonsList.js","statementMap":{"0":{"start":{"line":1,"column":13},"end":{"line":1,"column":75}},"1":{"start":{"line":1,"column":94},"end":{"line":1,"column":169}},"2":{"start":{"line":1,"column":192},"end":{"line":1,"column":218}},"3":{"start":{"line":2,"column":18},"end":{"line":2,"column":40}},"4":{"start":{"line":3,"column":13},"end":{"line":3,"column":29}},"5":{"start":{"line":4,"column":22},"end":{"line":4,"column":58}},"6":{"start":{"line":4,"column":80},"end":{"line":4,"column":120}},"7":{"start":{"line":5,"column":26},"end":{"line":5,"column":66}},"8":{"start":{"line":5,"column":92},"end":{"line":5,"column":136}},"9":{"start":{"line":6,"column":17},"end":{"line":6,"column":38}},"10":{"start":{"line":6,"column":57},"end":{"line":6,"column":91}},"11":{"start":{"line":7,"column":13},"end":{"line":7,"column":29}},"12":{"start":{"line":7,"column":44},"end":{"line":7,"column":74}},"13":{"start":{"line":7,"column":113},"end":{"line":7,"column":167}},"14":{"start":{"line":7,"column":207},"end":{"line":7,"column":423}},"15":{"start":{"line":7,"column":235},"end":{"line":7,"column":246}},"16":{"start":{"line":7,"column":267},"end":{"line":7,"column":269}},"17":{"start":{"line":7,"column":270},"end":{"line":7,"column":387}},"18":{"start":{"line":7,"column":288},"end":{"line":7,"column":386}},"19":{"start":{"line":7,"column":310},"end":{"line":7,"column":385}},"20":{"start":{"line":7,"column":362},"end":{"line":7,"column":385}},"21":{"start":{"line":7,"column":387},"end":{"line":7,"column":408}},"22":{"start":{"line":7,"column":408},"end":{"line":7,"column":422}},"23":{"start":{"line":12,"column":8},"end":{"line":12,"column":21}},"24":{"start":{"line":13,"column":8},"end":{"line":13,"column":36}},"25":{"start":{"line":17,"column":8},"end":{"line":17,"column":60}},"26":{"start":{"line":18,"column":8},"end":{"line":18,"column":54}},"27":{"start":{"line":19,"column":8},"end":{"line":21,"column":9}},"28":{"start":{"line":20,"column":12},"end":{"line":20,"column":60}},"29":{"start":{"line":22,"column":8},"end":{"line":22,"column":67}},"30":{"start":{"line":23,"column":8},"end":{"line":23,"column":75}},"31":{"start":{"line":27,"column":8},"end":{"line":27,"column":49}},"32":{"start":{"line":31,"column":8},"end":{"line":31,"column":154}},"33":{"start":{"line":35,"column":8},"end":{"line":73,"column":9}},"34":{"start":{"line":36,"column":12},"end":{"line":37,"column":145}},"35":{"start":{"line":41,"column":15},"end":{"line":73,"column":9}},"36":{"start":{"line":42,"column":12},"end":{"line":43,"column":148}},"37":{"start":{"line":48,"column":12},"end":{"line":66,"column":35}},"38":{"start":{"line":54,"column":48},"end":{"line":54,"column":65}},"39":{"start":{"line":60,"column":32},"end":{"line":60,"column":94}},"40":{"start":{"line":63,"column":32},"end":{"line":64,"column":59}},"41":{"start":{"line":77,"column":0},"end":{"line":80,"column":42}},"42":{"start":{"line":84,"column":4},"end":{"line":86,"column":55}},"43":{"start":{"line":91,"column":4},"end":{"line":93,"column":91}},"44":{"start":{"line":95,"column":1},"end":{"line":100,"column":13}}},"fnMap":{"0":{"name":"_interopRequireDefault","decl":{"start":{"line":7,"column":84},"end":{"line":7,"column":106}},"loc":{"start":{"line":7,"column":112},"end":{"line":7,"column":168}},"line":7},"1":{"name":"_interopRequireWildcard","decl":{"start":{"line":7,"column":177},"end":{"line":7,"column":200}},"loc":{"start":{"line":7,"column":206},"end":{"line":7,"column":424}},"line":7},"2":{"name":"(anonymous_2)","decl":{"start":{"line":11,"column":4},"end":{"line":11,"column":5}},"loc":{"start":{"line":11,"column":23},"end":{"line":14,"column":5}},"line":11},"3":{"name":"(anonymous_3)","decl":{"start":{"line":16,"column":4},"end":{"line":16,"column":5}},"loc":{"start":{"line":16,"column":22},"end":{"line":24,"column":5}},"line":16},"4":{"name":"(anonymous_4)","decl":{"start":{"line":26,"column":4},"end":{"line":26,"column":5}},"loc":{"start":{"line":26,"column":25},"end":{"line":28,"column":5}},"line":26},"5":{"name":"(anonymous_5)","decl":{"start":{"line":30,"column":4},"end":{"line":30,"column":5}},"loc":{"start":{"line":30,"column":21},"end":{"line":32,"column":5}},"line":30},"6":{"name":"(anonymous_6)","decl":{"start":{"line":34,"column":4},"end":{"line":34,"column":5}},"loc":{"start":{"line":34,"column":13},"end":{"line":74,"column":5}},"line":34},"7":{"name":"(anonymous_7)","decl":{"start":{"line":54,"column":42},"end":{"line":54,"column":43}},"loc":{"start":{"line":54,"column":48},"end":{"line":54,"column":65}},"line":54},"8":{"name":"(anonymous_8)","decl":{"start":{"line":59,"column":35},"end":{"line":59,"column":36}},"loc":{"start":{"line":59,"column":43},"end":{"line":61,"column":29}},"line":59},"9":{"name":"(anonymous_9)","decl":{"start":{"line":62,"column":32},"end":{"line":62,"column":33}},"loc":{"start":{"line":62,"column":49},"end":{"line":66,"column":29}},"line":62},"10":{"name":"mapStateToProps","decl":{"start":{"line":83,"column":9},"end":{"line":83,"column":24}},"loc":{"start":{"line":83,"column":32},"end":{"line":88,"column":1}},"line":83},"11":{"name":"mapDispatchToProps","decl":{"start":{"line":90,"column":9},"end":{"line":90,"column":27}},"loc":{"start":{"line":90,"column":38},"end":{"line":95,"column":1}},"line":90}},"branchMap":{"0":{"loc":{"start":{"line":7,"column":120},"end":{"line":7,"column":166}},"type":"cond-expr","locations":[{"start":{"line":7,"column":144},"end":{"line":7,"column":147}},{"start":{"line":7,"column":150},"end":{"line":7,"column":166}}],"line":7},"1":{"loc":{"start":{"line":7,"column":120},"end":{"line":7,"column":141}},"type":"binary-expr","locations":[{"start":{"line":7,"column":120},"end":{"line":7,"column":123}},{"start":{"line":7,"column":127},"end":{"line":7,"column":141}}],"line":7},"2":{"loc":{"start":{"line":7,"column":207},"end":{"line":7,"column":423}},"type":"if","locations":[{"start":{"line":7,"column":207},"end":{"line":7,"column":423}},{"start":{"line":7,"column":207},"end":{"line":7,"column":423}}],"line":7},"3":{"loc":{"start":{"line":7,"column":211},"end":{"line":7,"column":232}},"type":"binary-expr","locations":[{"start":{"line":7,"column":211},"end":{"line":7,"column":214}},{"start":{"line":7,"column":218},"end":{"line":7,"column":232}}],"line":7},"4":{"loc":{"start":{"line":7,"column":270},"end":{"line":7,"column":387}},"type":"if","locations":[{"start":{"line":7,"column":270},"end":{"line":7,"column":387}},{"start":{"line":7,"column":270},"end":{"line":7,"column":387}}],"line":7},"5":{"loc":{"start":{"line":7,"column":310},"end":{"line":7,"column":385}},"type":"if","locations":[{"start":{"line":7,"column":310},"end":{"line":7,"column":385}},{"start":{"line":7,"column":310},"end":{"line":7,"column":385}}],"line":7},"6":{"loc":{"start":{"line":19,"column":8},"end":{"line":21,"column":9}},"type":"if","locations":[{"start":{"line":19,"column":8},"end":{"line":21,"column":9}},{"start":{"line":19,"column":8},"end":{"line":21,"column":9}}],"line":19},"7":{"loc":{"start":{"line":35,"column":8},"end":{"line":73,"column":9}},"type":"if","locations":[{"start":{"line":35,"column":8},"end":{"line":73,"column":9}},{"start":{"line":35,"column":8},"end":{"line":73,"column":9}}],"line":35},"8":{"loc":{"start":{"line":41,"column":15},"end":{"line":73,"column":9}},"type":"if","locations":[{"start":{"line":41,"column":15},"end":{"line":73,"column":9}},{"start":{"line":41,"column":15},"end":{"line":73,"column":9}}],"line":41},"9":{"loc":{"start":{"line":41,"column":19},"end":{"line":41,"column":78}},"type":"binary-expr","locations":[{"start":{"line":41,"column":19},"end":{"line":41,"column":43}},{"start":{"line":41,"column":47},"end":{"line":41,"column":78}}],"line":41}},"s":{"0":0,"1":0,"2":0,"3":0,"4":0,"5":0,"6":0,"7":0,"8":0,"9":0,"10":0,"11":0,"12":0,"13":0,"14":0,"15":0,"16":0,"17":0,"18":0,"19":0,"20":0,"21":0,"22":0,"23":0,"24":0,"25":0,"26":0,"27":0,"28":0,"29":0,"30":0,"31":0,"32":0,"33":0,"34":0,"35":0,"36":0,"37":0,"38":0,"39":0,"40":0,"41":0,"42":0,"43":0,"44":0},"f":{"0":0,"1":0,"2":0,"3":0,"4":0,"5":0,"6":0,"7":0,"8":0,"9":0,"10":0,"11":0},"b":{"0":[0,0],"1":[0,0],"2":[0,0],"3":[0,0],"4":[0,0],"5":[0,0],"6":[0,0],"7":[0,0],"8":[0,0],"9":[0,0]}}
,"/home/diogo/Documents/sports_app/sports_app/src/reducers/allReducers.js": {"path":"/home/diogo/Documents/sports_app/sports_app/src/reducers/allReducers.js","statementMap":{"0":{"start":{"line":1,"column":13},"end":{"line":1,"column":75}},"1":{"start":{"line":1,"column":88},"end":{"line":1,"column":104}},"2":{"start":{"line":2,"column":22},"end":{"line":2,"column":49}},"3":{"start":{"line":2,"column":73},"end":{"line":2,"column":112}},"4":{"start":{"line":3,"column":22},"end":{"line":3,"column":49}},"5":{"start":{"line":3,"column":73},"end":{"line":3,"column":112}},"6":{"start":{"line":4,"column":26},"end":{"line":4,"column":57}},"7":{"start":{"line":4,"column":85},"end":{"line":4,"column":128}},"8":{"start":{"line":4,"column":167},"end":{"line":4,"column":221}},"9":{"start":{"line":6,"column":20},"end":{"line":9,"column":46}},"10":{"start":{"line":9,"column":47},"end":{"line":12,"column":12}}},"fnMap":{"0":{"name":"_interopRequireDefault","decl":{"start":{"line":4,"column":138},"end":{"line":4,"column":160}},"loc":{"start":{"line":4,"column":166},"end":{"line":4,"column":222}},"line":4}},"branchMap":{"0":{"loc":{"start":{"line":4,"column":174},"end":{"line":4,"column":220}},"type":"cond-expr","locations":[{"start":{"line":4,"column":198},"end":{"line":4,"column":201}},{"start":{"line":4,"column":204},"end":{"line":4,"column":220}}],"line":4},"1":{"loc":{"start":{"line":4,"column":174},"end":{"line":4,"column":195}},"type":"binary-expr","locations":[{"start":{"line":4,"column":174},"end":{"line":4,"column":177}},{"start":{"line":4,"column":181},"end":{"line":4,"column":195}}],"line":4}},"s":{"0":0,"1":0,"2":0,"3":0,"4":0,"5":0,"6":0,"7":0,"8":0,"9":0,"10":0},"f":{"0":0},"b":{"0":[0,0],"1":[0,0]}}
,"/home/diogo/Documents/sports_app/sports_app/src/reducers/initialState.js": {"path":"/home/diogo/Documents/sports_app/sports_app/src/reducers/initialState.js","statementMap":{},"fnMap":{},"branchMap":{},"s":{},"f":{},"b":{},"_coverageSchema":"332fd63041d2c1bcb487cc26dd0d5f7d97098a6c","hash":"1c937bcd0a4049cb152474445da3ccd3a8418339"}
,"/home/diogo/Documents/sports_app/sports_app/src/reducers/leagueTableReducer.js": {"path":"/home/diogo/Documents/sports_app/sports_app/src/reducers/leagueTableReducer.js","statementMap":{"0":{"start":{"line":6,"column":4},"end":{"line":17,"column":5}},"1":{"start":{"line":8,"column":12},"end":{"line":8,"column":67}},"2":{"start":{"line":10,"column":12},"end":{"line":10,"column":106}},"3":{"start":{"line":12,"column":12},"end":{"line":12,"column":94}},"4":{"start":{"line":14,"column":12},"end":{"line":14,"column":78}},"5":{"start":{"line":16,"column":12},"end":{"line":16,"column":25}}},"fnMap":{"0":{"name":"leagueTable","decl":{"start":{"line":5,"column":24},"end":{"line":5,"column":35}},"loc":{"start":{"line":5,"column":78},"end":{"line":18,"column":1}},"line":5}},"branchMap":{"0":{"loc":{"start":{"line":5,"column":36},"end":{"line":5,"column":68}},"type":"default-arg","locations":[{"start":{"line":5,"column":44},"end":{"line":5,"column":68}}],"line":5},"1":{"loc":{"start":{"line":6,"column":4},"end":{"line":17,"column":5}},"type":"switch","locations":[{"start":{"line":7,"column":8},"end":{"line":8,"column":67}},{"start":{"line":9,"column":8},"end":{"line":10,"column":106}},{"start":{"line":11,"column":8},"end":{"line":12,"column":94}},{"start":{"line":13,"column":8},"end":{"line":14,"column":78}},{"start":{"line":15,"column":8},"end":{"line":16,"column":25}}],"line":6}},"s":{"0":5,"1":1,"2":1,"3":1,"4":1,"5":1},"f":{"0":5},"b":{"0":[5],"1":[1,1,1,1,1]},"_coverageSchema":"332fd63041d2c1bcb487cc26dd0d5f7d97098a6c","hash":"f2ed302b6150e067cdb82feb75f4f82dbb92bde3"}
,"/home/diogo/Documents/sports_app/sports_app/src/reducers/leaguesReducer.js": {"path":"/home/diogo/Documents/sports_app/sports_app/src/reducers/leaguesReducer.js","statementMap":{"0":{"start":{"line":6,"column":2},"end":{"line":17,"column":3}},"1":{"start":{"line":8,"column":6},"end":{"line":8,"column":61}},"2":{"start":{"line":10,"column":6},"end":{"line":10,"column":94}},"3":{"start":{"line":12,"column":6},"end":{"line":12,"column":82}},"4":{"start":{"line":14,"column":6},"end":{"line":14,"column":73}},"5":{"start":{"line":16,"column":6},"end":{"line":16,"column":19}}},"fnMap":{"0":{"name":"leagues","decl":{"start":{"line":5,"column":24},"end":{"line":5,"column":31}},"loc":{"start":{"line":5,"column":70},"end":{"line":18,"column":1}},"line":5}},"branchMap":{"0":{"loc":{"start":{"line":5,"column":32},"end":{"line":5,"column":60}},"type":"default-arg","locations":[{"start":{"line":5,"column":40},"end":{"line":5,"column":60}}],"line":5},"1":{"loc":{"start":{"line":6,"column":2},"end":{"line":17,"column":3}},"type":"switch","locations":[{"start":{"line":7,"column":4},"end":{"line":8,"column":61}},{"start":{"line":9,"column":4},"end":{"line":10,"column":94}},{"start":{"line":11,"column":4},"end":{"line":12,"column":82}},{"start":{"line":13,"column":4},"end":{"line":14,"column":73}},{"start":{"line":15,"column":4},"end":{"line":16,"column":19}}],"line":6}},"s":{"0":5,"1":1,"2":1,"3":1,"4":1,"5":1},"f":{"0":5},"b":{"0":[5],"1":[1,1,1,1,1]},"_coverageSchema":"332fd63041d2c1bcb487cc26dd0d5f7d97098a6c","hash":"5d05329d7cb211009a2cd329a926a88b05c72d64"}
,"/home/diogo/Documents/sports_app/sports_app/src/reducers/seasonsReducer.js": {"path":"/home/diogo/Documents/sports_app/sports_app/src/reducers/seasonsReducer.js","statementMap":{"0":{"start":{"line":6,"column":4},"end":{"line":17,"column":5}},"1":{"start":{"line":8,"column":12},"end":{"line":8,"column":67}},"2":{"start":{"line":10,"column":12},"end":{"line":10,"column":100}},"3":{"start":{"line":12,"column":12},"end":{"line":12,"column":88}},"4":{"start":{"line":14,"column":12},"end":{"line":14,"column":79}},"5":{"start":{"line":16,"column":12},"end":{"line":16,"column":25}}},"fnMap":{"0":{"name":"seasons","decl":{"start":{"line":5,"column":24},"end":{"line":5,"column":31}},"loc":{"start":{"line":5,"column":70},"end":{"line":18,"column":1}},"line":5}},"branchMap":{"0":{"loc":{"start":{"line":5,"column":32},"end":{"line":5,"column":60}},"type":"default-arg","locations":[{"start":{"line":5,"column":40},"end":{"line":5,"column":60}}],"line":5},"1":{"loc":{"start":{"line":6,"column":4},"end":{"line":17,"column":5}},"type":"switch","locations":[{"start":{"line":7,"column":8},"end":{"line":8,"column":67}},{"start":{"line":9,"column":8},"end":{"line":10,"column":100}},{"start":{"line":11,"column":8},"end":{"line":12,"column":88}},{"start":{"line":13,"column":8},"end":{"line":14,"column":79}},{"start":{"line":15,"column":8},"end":{"line":16,"column":25}}],"line":6}},"s":{"0":5,"1":1,"2":1,"3":1,"4":1,"5":1},"f":{"0":5},"b":{"0":[5],"1":[1,1,1,1,1]},"_coverageSchema":"332fd63041d2c1bcb487cc26dd0d5f7d97098a6c","hash":"889561c8f8bdc41a7d2163972e6c833d718b3714"}
,"/home/diogo/Documents/sports_app/sports_app/src/store/configureStore.js": {"path":"/home/diogo/Documents/sports_app/sports_app/src/store/configureStore.js","statementMap":{"0":{"start":{"line":1,"column":13},"end":{"line":1,"column":75}},"1":{"start":{"line":1,"column":75},"end":{"line":5,"column":15}},"2":{"start":{"line":5,"column":28},"end":{"line":5,"column":44}},"3":{"start":{"line":5,"column":64},"end":{"line":5,"column":98}},"4":{"start":{"line":5,"column":119},"end":{"line":5,"column":155}},"5":{"start":{"line":5,"column":174},"end":{"line":5,"column":196}},"6":{"start":{"line":5,"column":216},"end":{"line":5,"column":251}},"7":{"start":{"line":5,"column":290},"end":{"line":5,"column":344}},"8":{"start":{"line":6,"column":2},"end":{"line":9,"column":53}}},"fnMap":{"0":{"name":"_interopRequireDefault","decl":{"start":{"line":5,"column":261},"end":{"line":5,"column":283}},"loc":{"start":{"line":5,"column":289},"end":{"line":5,"column":345}},"line":5},"1":{"name":"configureStore","decl":{"start":{"line":5,"column":354},"end":{"line":5,"column":368}},"loc":{"start":{"line":5,"column":371},"end":{"line":11,"column":1}},"line":5}},"branchMap":{"0":{"loc":{"start":{"line":5,"column":297},"end":{"line":5,"column":343}},"type":"cond-expr","locations":[{"start":{"line":5,"column":321},"end":{"line":5,"column":324}},{"start":{"line":5,"column":327},"end":{"line":5,"column":343}}],"line":5},"1":{"loc":{"start":{"line":5,"column":297},"end":{"line":5,"column":318}},"type":"binary-expr","locations":[{"start":{"line":5,"column":297},"end":{"line":5,"column":300}},{"start":{"line":5,"column":304},"end":{"line":5,"column":318}}],"line":5},"2":{"loc":{"start":{"line":8,"column":2},"end":{"line":8,"column":78}},"type":"binary-expr","locations":[{"start":{"line":8,"column":2},"end":{"line":8,"column":37}},{"start":{"line":8,"column":41},"end":{"line":8,"column":78}}],"line":8}},"s":{"0":0,"1":0,"2":0,"3":0,"4":0,"5":0,"6":0,"7":0,"8":0},"f":{"0":0,"1":0},"b":{"0":[0,0],"1":[0,0],"2":[0,0]}}
,"/home/diogo/Documents/sports_app/sports_app/src/tests/mocks/leagueTableMock.js": {"path":"/home/diogo/Documents/sports_app/sports_app/src/tests/mocks/leagueTableMock.js","statementMap":{"0":{"start":{"line":2,"column":13},"end":{"line":480,"column":1}}},"fnMap":{},"branchMap":{},"s":{"0":1},"f":{},"b":{},"_coverageSchema":"332fd63041d2c1bcb487cc26dd0d5f7d97098a6c","hash":"cd4ab3a8d9b7ab8f83473e0a8011fbf37fa0dbfe"}
,"/home/diogo/Documents/sports_app/sports_app/src/tests/mocks/leaguesMock.js": {"path":"/home/diogo/Documents/sports_app/sports_app/src/tests/mocks/leaguesMock.js","statementMap":{"0":{"start":{"line":1,"column":13},"end":{"line":34,"column":1}}},"fnMap":{},"branchMap":{},"s":{"0":1},"f":{},"b":{},"_coverageSchema":"332fd63041d2c1bcb487cc26dd0d5f7d97098a6c","hash":"09ab270596c9cc6789529a9e133b6e6397482150"}
,"/home/diogo/Documents/sports_app/sports_app/src/tests/mocks/seasonsMock.js": {"path":"/home/diogo/Documents/sports_app/sports_app/src/tests/mocks/seasonsMock.js","statementMap":{"0":{"start":{"line":1,"column":13},"end":{"line":210,"column":1}}},"fnMap":{},"branchMap":{},"s":{"0":1},"f":{},"b":{},"_coverageSchema":"332fd63041d2c1bcb487cc26dd0d5f7d97098a6c","hash":"e3c8302c64aff9735fb8da9bd40b004742fbc4bf"}
}
